c:\users\brett\downloads\componentframework24.0.4 vulkan\componentframework24.0.4 vulkan\componentframework\debug\vc143.pdb
c:\users\brett\downloads\componentframework24.0.4 vulkan\componentframework24.0.4 vulkan\componentframework\debug\vc143.idb
c:\users\brett\downloads\componentframework24.0.4 vulkan\componentframework24.0.4 vulkan\componentframework\debug\vulkanrenderer.obj
c:\users\brett\downloads\componentframework24.0.4 vulkan\componentframework24.0.4 vulkan\componentframework\debug\timer.obj
c:\users\brett\downloads\componentframework24.0.4 vulkan\componentframework24.0.4 vulkan\componentframework\debug\scene0.obj
c:\users\brett\downloads\componentframework24.0.4 vulkan\componentframework24.0.4 vulkan\componentframework\debug\main.obj
c:\users\brett\downloads\componentframework24.0.4 vulkan\componentframework24.0.4 vulkan\componentframework\debug\scenemanager.obj
c:\users\brett\downloads\componentframework24.0.4 vulkan\componentframework24.0.4 vulkan\componentframework\debug\openglrenderer.obj
c:\users\brett\downloads\componentframework24.0.4 vulkan\componentframework24.0.4 vulkan\componentframework\debug\debug.obj
c:\users\brett\downloads\componentframework24.0.4 vulkan\componentframework24.0.4 vulkan\componentframework\debug\camera.obj
c:\users\brett\downloads\componentframework24.0.4 vulkan\componentframework24.0.4 vulkan\debug\componentframework.exe
c:\users\brett\downloads\componentframework24.0.4 vulkan\componentframework24.0.4 vulkan\componentframework\debug\componentframework.ilk
c:\users\brett\downloads\componentframework24.0.4 vulkan\componentframework24.0.4 vulkan\debug\componentframework.pdb
c:\users\brett\downloads\componentframework24.0.4 vulkan\componentframework24.0.4 vulkan\componentframework\debug\vulkanrenderer.new.obj.enc
c:\users\brett\downloads\componentframework24.0.4 vulkan\componentframework24.0.4 vulkan\componentframework\debug\componen.614c2865.tlog\cl.command.1.tlog
c:\users\brett\downloads\componentframework24.0.4 vulkan\componentframework24.0.4 vulkan\componentframework\debug\componen.614c2865.tlog\cl.read.1.tlog
c:\users\brett\downloads\componentframework24.0.4 vulkan\componentframework24.0.4 vulkan\componentframework\debug\componen.614c2865.tlog\cl.write.1.tlog
c:\users\brett\downloads\componentframework24.0.4 vulkan\componentframework24.0.4 vulkan\componentframework\debug\componen.614c2865.tlog\link.command.1.tlog
c:\users\brett\downloads\componentframework24.0.4 vulkan\componentframework24.0.4 vulkan\componentframework\debug\componen.614c2865.tlog\link.read.1.tlog
c:\users\brett\downloads\componentframework24.0.4 vulkan\componentframework24.0.4 vulkan\componentframework\debug\componen.614c2865.tlog\link.write.1.tlog
